nvcc: NVIDIA (R) Cuda compiler driver Copyright (c) 2005-2018 NVIDIA Corporation Built on Tue_Jun_12_23:07:04_CDT_2018 Cuda compilation tools, release 9.2, V9.2.148
Thu Oct 10 23:19:30 2024       
+---------------------------------------------------------------------------------------+
| NVIDIA-SMI 545.23.06              Driver Version: 545.23.06    CUDA Version: 12.3     |
|-----------------------------------------+----------------------+----------------------+
| GPU  Name                 Persistence-M | Bus-Id        Disp.A | Volatile Uncorr. ECC |
| Fan  Temp   Perf          Pwr:Usage/Cap |         Memory-Usage | GPU-Util  Compute M. |
|                                         |                      |               MIG M. |
|=========================================+======================+======================|
|   0  NVIDIA A100-SXM4-40GB          On  | 00000000:07:00.0 Off |                    0 |
| N/A   27C    P0              53W / 400W |      4MiB / 40960MiB |      0%      Default |
|                                         |                      |             Disabled |
+-----------------------------------------+----------------------+----------------------+
|   1  NVIDIA A100-SXM4-40GB          On  | 00000000:0F:00.0 Off |                    0 |
| N/A   26C    P0              51W / 400W |      4MiB / 40960MiB |      0%      Default |
|                                         |                      |             Disabled |
+-----------------------------------------+----------------------+----------------------+
|   2  NVIDIA A100-SXM4-40GB          On  | 00000000:47:00.0 Off |                    0 |
| N/A   26C    P0              51W / 400W |      4MiB / 40960MiB |      0%      Default |
|                                         |                      |             Disabled |
+-----------------------------------------+----------------------+----------------------+
|   3  NVIDIA A100-SXM4-40GB          On  | 00000000:4E:00.0 Off |                    0 |
| N/A   27C    P0              51W / 400W |      4MiB / 40960MiB |      0%      Default |
|                                         |                      |             Disabled |
+-----------------------------------------+----------------------+----------------------+
|   4  NVIDIA A100-SXM4-40GB          On  | 00000000:87:00.0 Off |                    0 |
| N/A   32C    P0              52W / 400W |      4MiB / 40960MiB |      0%      Default |
|                                         |                      |             Disabled |
+-----------------------------------------+----------------------+----------------------+
|   5  NVIDIA A100-SXM4-40GB          On  | 00000000:90:00.0 Off |                    0 |
| N/A   30C    P0              53W / 400W |      4MiB / 40960MiB |      0%      Default |
|                                         |                      |             Disabled |
+-----------------------------------------+----------------------+----------------------+
|   6  NVIDIA A100-SXM4-40GB          On  | 00000000:B7:00.0 Off |                    0 |
| N/A   30C    P0              51W / 400W |      4MiB / 40960MiB |      0%      Default |
|                                         |                      |             Disabled |
+-----------------------------------------+----------------------+----------------------+
|   7  NVIDIA A100-SXM4-40GB          On  | 00000000:BD:00.0 Off |                    0 |
| N/A   31C    P0              50W / 400W |      4MiB / 40960MiB |      0%      Default |
|                                         |                      |             Disabled |
+-----------------------------------------+----------------------+----------------------+
                                                                                         
+---------------------------------------------------------------------------------------+
| Processes:                                                                            |
|  GPU   GI   CI        PID   Type   Process name                            GPU Memory |
|        ID   ID                                                             Usage      |
|=======================================================================================|
|  No running processes found                                                           |
+---------------------------------------------------------------------------------------+
completed in 0h:2m:55s.
