nvcc: NVIDIA (R) Cuda compiler driver Copyright (c) 2005-2018 NVIDIA Corporation Built on Tue_Jun_12_23:07:04_CDT_2018 Cuda compilation tools, release 9.2, V9.2.148
Wed Sep 18 23:42:54 2024       
+---------------------------------------------------------------------------------------+
| NVIDIA-SMI 545.23.06              Driver Version: 545.23.06    CUDA Version: 12.3     |
|-----------------------------------------+----------------------+----------------------+
| GPU  Name                 Persistence-M | Bus-Id        Disp.A | Volatile Uncorr. ECC |
| Fan  Temp   Perf          Pwr:Usage/Cap |         Memory-Usage | GPU-Util  Compute M. |
|                                         |                      |               MIG M. |
|=========================================+======================+======================|
|   0  NVIDIA H100 80GB HBM3          On  | 00000000:0A:00.0 Off |                    0 |
| N/A   34C    P0              71W / 700W |      4MiB / 81559MiB |      0%      Default |
|                                         |                      |             Disabled |
+-----------------------------------------+----------------------+----------------------+
|   1  NVIDIA H100 80GB HBM3          On  | 00000000:18:00.0 Off |                    0 |
| N/A   28C    P0              71W / 700W |      4MiB / 81559MiB |      0%      Default |
|                                         |                      |             Disabled |
+-----------------------------------------+----------------------+----------------------+
|   2  NVIDIA H100 80GB HBM3          On  | 00000000:3C:00.0 Off |                    0 |
| N/A   29C    P0              71W / 700W |      4MiB / 81559MiB |      0%      Default |
|                                         |                      |             Disabled |
+-----------------------------------------+----------------------+----------------------+
|   3  NVIDIA H100 80GB HBM3          On  | 00000000:45:00.0 Off |                    0 |
| N/A   35C    P0              82W / 700W |      4MiB / 81559MiB |      0%      Default |
|                                         |                      |             Disabled |
+-----------------------------------------+----------------------+----------------------+
|   4  NVIDIA H100 80GB HBM3          On  | 00000000:87:00.0 Off |                    0 |
| N/A   35C    P0              76W / 700W |      4MiB / 81559MiB |      0%      Default |
|                                         |                      |             Disabled |
+-----------------------------------------+----------------------+----------------------+
|   5  NVIDIA H100 80GB HBM3          On  | 00000000:90:00.0 Off |                    0 |
| N/A   29C    P0              73W / 700W |      4MiB / 81559MiB |      0%      Default |
|                                         |                      |             Disabled |
+-----------------------------------------+----------------------+----------------------+
|   6  NVIDIA H100 80GB HBM3          On  | 00000000:B9:00.0 Off |                    0 |
| N/A   30C    P0              73W / 700W |      4MiB / 81559MiB |      0%      Default |
|                                         |                      |             Disabled |
+-----------------------------------------+----------------------+----------------------+
|   7  NVIDIA H100 80GB HBM3          On  | 00000000:C2:00.0 Off |                    0 |
| N/A   34C    P0              75W / 700W |      4MiB / 81559MiB |      0%      Default |
|                                         |                      |             Disabled |
+-----------------------------------------+----------------------+----------------------+
                                                                                         
+---------------------------------------------------------------------------------------+
| Processes:                                                                            |
|  GPU   GI   CI        PID   Type   Process name                            GPU Memory |
|        ID   ID                                                             Usage      |
|=======================================================================================|
|  No running processes found                                                           |
+---------------------------------------------------------------------------------------+
