nvcc: NVIDIA (R) Cuda compiler driver Copyright (c) 2005-2018 NVIDIA Corporation Built on Tue_Jun_12_23:07:04_CDT_2018 Cuda compilation tools, release 9.2, V9.2.148
Wed Sep 18 23:48:23 2024       
+---------------------------------------------------------------------------------------+
| NVIDIA-SMI 545.23.06              Driver Version: 545.23.06    CUDA Version: 12.3     |
|-----------------------------------------+----------------------+----------------------+
| GPU  Name                 Persistence-M | Bus-Id        Disp.A | Volatile Uncorr. ECC |
| Fan  Temp   Perf          Pwr:Usage/Cap |         Memory-Usage | GPU-Util  Compute M. |
|                                         |                      |               MIG M. |
|=========================================+======================+======================|
|   0  NVIDIA H100 80GB HBM3          Off | 00000000:0A:00.0 Off |                    0 |
| N/A   61C    P0             467W / 700W |  71889MiB / 81559MiB |    100%      Default |
|                                         |                      |             Disabled |
+-----------------------------------------+----------------------+----------------------+
|   1  NVIDIA H100 80GB HBM3          Off | 00000000:18:00.0 Off |                    0 |
| N/A   26C    P0              72W / 700W |      7MiB / 81559MiB |      0%      Default |
|                                         |                      |             Disabled |
+-----------------------------------------+----------------------+----------------------+
|   2  NVIDIA H100 80GB HBM3          Off | 00000000:3C:00.0 Off |                    0 |
| N/A   26C    P0              70W / 700W |      7MiB / 81559MiB |      0%      Default |
|                                         |                      |             Disabled |
+-----------------------------------------+----------------------+----------------------+
|   3  NVIDIA H100 80GB HBM3          Off | 00000000:45:00.0 Off |                    0 |
| N/A   30C    P0              71W / 700W |      7MiB / 81559MiB |      0%      Default |
|                                         |                      |             Disabled |
+-----------------------------------------+----------------------+----------------------+
|   4  NVIDIA H100 80GB HBM3          Off | 00000000:87:00.0 Off |                    0 |
| N/A   30C    P0              69W / 700W |      7MiB / 81559MiB |      0%      Default |
|                                         |                      |             Disabled |
+-----------------------------------------+----------------------+----------------------+
|   5  NVIDIA H100 80GB HBM3          Off | 00000000:90:00.0 Off |                    0 |
| N/A   27C    P0              69W / 700W |      7MiB / 81559MiB |      0%      Default |
|                                         |                      |             Disabled |
+-----------------------------------------+----------------------+----------------------+
|   6  NVIDIA H100 80GB HBM3          Off | 00000000:B9:00.0 Off |                    0 |
| N/A   26C    P0              70W / 700W |      7MiB / 81559MiB |      0%      Default |
|                                         |                      |             Disabled |
+-----------------------------------------+----------------------+----------------------+
|   7  NVIDIA H100 80GB HBM3          Off | 00000000:C2:00.0 Off |                    0 |
| N/A   31C    P0              70W / 700W |      7MiB / 81559MiB |      0%      Default |
|                                         |                      |             Disabled |
+-----------------------------------------+----------------------+----------------------+
                                                                                         
+---------------------------------------------------------------------------------------+
| Processes:                                                                            |
|  GPU   GI   CI        PID   Type   Process name                            GPU Memory |
|        ID   ID                                                             Usage      |
|=======================================================================================|
|    0   N/A  N/A     10091      C   python                                     4162MiB |
|    0   N/A  N/A     21336      C   python                                     5902MiB |
|    0   N/A  N/A     21468      C   python                                     4162MiB |
|    0   N/A  N/A     21877      C   python                                     4164MiB |
|    0   N/A  N/A     22860      C   python                                     4162MiB |
|    0   N/A  N/A     23191      C   python                                     4162MiB |
|    0   N/A  N/A     26843      C   python                                     1140MiB |
|    0   N/A  N/A     28255      C   python                                    11714MiB |
|    0   N/A  N/A     28511      C   python                                     6212MiB |
|    0   N/A  N/A     28917      C   python                                     1246MiB |
|    0   N/A  N/A     61359      C   ...miniconda3/envs/climgen2/bin/python    25022MiB |
+---------------------------------------------------------------------------------------+
